2019-02-26 17:58:35.001  INFO 11480 --- [main] com.mrlv.api.MblogApiApplicationTests    : Starting MblogApiApplicationTests on DESKTOP-BU6JBMN with PID 11480 (started by Mrlv in D:\dev\work\site\mblog-api)
2019-02-26 17:58:35.014  INFO 11480 --- [main] com.mrlv.api.MblogApiApplicationTests    : The following profiles are active: druid,mybatisplus,dev
2019-02-26 17:58:38.094  INFO 11480 --- [main] com.zaxxer.hikari.HikariDataSource       : HikariPool-1 - Starting...
2019-02-26 17:58:39.063  INFO 11480 --- [main] com.zaxxer.hikari.HikariDataSource       : HikariPool-1 - Start completed.
2019-02-26 17:58:41.348  INFO 11480 --- [main] o.s.s.concurrent.ThreadPoolTaskExecutor  : Initializing ExecutorService 'applicationTaskExecutor'
2019-02-26 17:58:42.162  INFO 11480 --- [main] com.mrlv.api.MblogApiApplicationTests    : Started MblogApiApplicationTests in 8.161 seconds (JVM running for 10.339)
2019-02-26 17:58:42.965  INFO 11480 --- [Thread-2] o.s.s.concurrent.ThreadPoolTaskExecutor  : Shutting down ExecutorService 'applicationTaskExecutor'
2019-02-26 17:58:42.968  INFO 11480 --- [Thread-2] com.zaxxer.hikari.HikariDataSource       : HikariPool-1 - Shutdown initiated...
2019-02-26 17:58:43.005  INFO 11480 --- [Thread-2] com.zaxxer.hikari.HikariDataSource       : HikariPool-1 - Shutdown completed.
2019-02-26 18:02:56.655  INFO 25400 --- [main] com.mrlv.api.MblogApiApplication         : Starting MblogApiApplication on DESKTOP-BU6JBMN with PID 25400 (D:\dev\work\site\mblog-api\target\classes started by Mrlv in D:\dev\work\site\mblog-api)
2019-02-26 18:02:56.663  INFO 25400 --- [main] com.mrlv.api.MblogApiApplication         : The following profiles are active: druid,mybatisplus,dev
2019-02-26 18:02:59.930  INFO 25400 --- [main] o.s.b.w.embedded.tomcat.TomcatWebServer  : Tomcat initialized with port(s): 8088 (http)
2019-02-26 18:03:00.018  INFO 25400 --- [main] o.apache.catalina.core.StandardService   : Starting service [Tomcat]
2019-02-26 18:03:00.020  INFO 25400 --- [main] org.apache.catalina.core.StandardEngine  : Starting Servlet engine: [Apache Tomcat/9.0.14]
2019-02-26 18:03:00.054  INFO 25400 --- [main] o.a.catalina.core.AprLifecycleListener   : The APR based Apache Tomcat Native library which allows optimal performance in production environments was not found on the java.library.path: [E:\dev\Java\jdk1.8.0_101\bin;C:\WINDOWS\Sun\Java\bin;C:\WINDOWS\system32;C:\WINDOWS;E:\dev\Python27\;E:\dev\Python27\Scripts;C:\Program Files\Docker\Docker\Resources\bin;C:\WINDOWS\system32;C:\WINDOWS;C:\WINDOWS\System32\Wbem;C:\WINDOWS\System32\WindowsPowerShell\v1.0\;C:\Program Files\Intel\WiFi\bin\;C:\Program Files\Common Files\Intel\WirelessCommon\;C:\WINDOWS\System32\OpenSSH\;C:\Program Files (x86)\NVIDIA Corporation\PhysX\Common;E:\dev\Java\jdk1.8.0_101\bin;E:\dev\Java\jdk1.8.0_101\jre\bin;E:\dev\Maven\apache-maven-3.5.0\bin;E:\dev\nodejs;E:\dev\nodejs\node_global;E:\dev\TortoiseSVN\bin;E:\dev\gradle-4.8.1\bin;E:\dev\Mysql\mysql-5.7.19\bin;C:\Program Files\Intel\WiFi\bin\;C:\Program Files\Common Files\Intel\WirelessCommon\;%USERPROFILE%\AppData\Local\Microsoft\WindowsApps;;.]
2019-02-26 18:03:00.216  INFO 25400 --- [main] o.a.c.c.C.[Tomcat].[localhost].[/api]    : Initializing Spring embedded WebApplicationContext
2019-02-26 18:03:00.217  INFO 25400 --- [main] o.s.web.context.ContextLoader            : Root WebApplicationContext: initialization completed in 3403 ms
2019-02-26 18:03:00.737  INFO 25400 --- [main] com.zaxxer.hikari.HikariDataSource       : HikariPool-1 - Starting...
2019-02-26 18:03:01.215  INFO 25400 --- [main] com.zaxxer.hikari.HikariDataSource       : HikariPool-1 - Start completed.
2019-02-26 18:03:02.043  INFO 25400 --- [main] o.s.s.concurrent.ThreadPoolTaskExecutor  : Initializing ExecutorService 'applicationTaskExecutor'
2019-02-26 18:03:02.828  INFO 25400 --- [main] o.s.b.w.embedded.tomcat.TomcatWebServer  : Tomcat started on port(s): 8088 (http) with context path '/api'
2019-02-26 18:03:02.837  INFO 25400 --- [main] com.mrlv.api.MblogApiApplication         : Started MblogApiApplication in 7.337 seconds (JVM running for 12.84)
2019-02-26 18:04:07.247  INFO 25400 --- [http-nio-8088-exec-1] o.a.c.c.C.[Tomcat].[localhost].[/api]    : Initializing Spring DispatcherServlet 'dispatcherServlet'
2019-02-26 18:04:07.248  INFO 25400 --- [http-nio-8088-exec-1] o.s.web.servlet.DispatcherServlet        : Initializing Servlet 'dispatcherServlet'
2019-02-26 18:04:07.266  INFO 25400 --- [http-nio-8088-exec-1] o.s.web.servlet.DispatcherServlet        : Completed initialization in 18 ms
2019-02-26 18:04:07.505 DEBUG 25400 --- [http-nio-8088-exec-1] c.mrlv.api.dao.SysUserMapper.selectList  : ==>  Preparing: SELECT id AS id,`name`,sex,login_name AS loginName,`password`,email,phone,mobile,user_type AS userType,photo,login_ip AS loginIp,login_date AS loginDate,login_flag AS loginFlag,create_by AS createBy,create_date AS createDate,update_by AS updateBy,update_date AS updateDate,remarks,del_flag AS delFlag FROM sys_user 
2019-02-26 18:04:07.766 DEBUG 25400 --- [http-nio-8088-exec-1] c.mrlv.api.dao.SysUserMapper.selectList  : ==> Parameters: 
2019-02-26 18:04:08.275 DEBUG 25400 --- [http-nio-8088-exec-1] c.mrlv.api.dao.SysUserMapper.selectList  : <==      Total: 1
2019-02-26 18:09:33.947  INFO 1396 --- [main] com.mrlv.api.MblogApiApplication         : Starting MblogApiApplication on DESKTOP-BU6JBMN with PID 1396 (D:\dev\work\site\mblog-api\target\classes started by Mrlv in D:\dev\work\site\mblog-api)
2019-02-26 18:09:33.950  INFO 1396 --- [main] com.mrlv.api.MblogApiApplication         : The following profiles are active: druid,mybatisplus,dev
2019-02-26 18:09:35.594  INFO 1396 --- [main] o.s.b.w.embedded.tomcat.TomcatWebServer  : Tomcat initialized with port(s): 8088 (http)
2019-02-26 18:09:35.635  INFO 1396 --- [main] o.apache.catalina.core.StandardService   : Starting service [Tomcat]
2019-02-26 18:09:35.636  INFO 1396 --- [main] org.apache.catalina.core.StandardEngine  : Starting Servlet engine: [Apache Tomcat/9.0.14]
2019-02-26 18:09:35.650  INFO 1396 --- [main] o.a.catalina.core.AprLifecycleListener   : The APR based Apache Tomcat Native library which allows optimal performance in production environments was not found on the java.library.path: [E:\dev\Java\jdk1.8.0_101\bin;C:\WINDOWS\Sun\Java\bin;C:\WINDOWS\system32;C:\WINDOWS;E:\dev\Python27\;E:\dev\Python27\Scripts;C:\Program Files\Docker\Docker\Resources\bin;C:\WINDOWS\system32;C:\WINDOWS;C:\WINDOWS\System32\Wbem;C:\WINDOWS\System32\WindowsPowerShell\v1.0\;C:\Program Files\Intel\WiFi\bin\;C:\Program Files\Common Files\Intel\WirelessCommon\;C:\WINDOWS\System32\OpenSSH\;C:\Program Files (x86)\NVIDIA Corporation\PhysX\Common;E:\dev\Java\jdk1.8.0_101\bin;E:\dev\Java\jdk1.8.0_101\jre\bin;E:\dev\Maven\apache-maven-3.5.0\bin;E:\dev\nodejs;E:\dev\nodejs\node_global;E:\dev\TortoiseSVN\bin;E:\dev\gradle-4.8.1\bin;E:\dev\Mysql\mysql-5.7.19\bin;C:\Program Files\Intel\WiFi\bin\;C:\Program Files\Common Files\Intel\WirelessCommon\;%USERPROFILE%\AppData\Local\Microsoft\WindowsApps;;.]
2019-02-26 18:09:35.766  INFO 1396 --- [main] o.a.c.c.C.[Tomcat].[localhost].[/api]    : Initializing Spring embedded WebApplicationContext
2019-02-26 18:09:35.805  INFO 1396 --- [main] o.s.web.context.ContextLoader            : Root WebApplicationContext: initialization completed in 1794 ms
2019-02-26 18:09:36.123  INFO 1396 --- [main] com.zaxxer.hikari.HikariDataSource       : HikariPool-1 - Starting...
2019-02-26 18:09:36.542  INFO 1396 --- [main] com.zaxxer.hikari.HikariDataSource       : HikariPool-1 - Start completed.
2019-02-26 18:09:37.377  INFO 1396 --- [main] o.s.s.concurrent.ThreadPoolTaskExecutor  : Initializing ExecutorService 'applicationTaskExecutor'
2019-02-26 18:09:37.777  INFO 1396 --- [main] o.s.b.w.embedded.tomcat.TomcatWebServer  : Tomcat started on port(s): 8088 (http) with context path '/api'
2019-02-26 18:09:37.785  INFO 1396 --- [main] com.mrlv.api.MblogApiApplication         : Started MblogApiApplication in 4.59 seconds (JVM running for 9.493)
